[2020-07-15 22:06:39.362] [exthost] [info] extension host started
[2020-07-15 22:06:39.419] [exthost] [info] ExtensionService#_doActivateExtension vscode.debug-auto-launch {"startup":true,"extensionId":{"value":"vscode.debug-auto-launch","_lower":"vscode.debug-auto-launch"},"activationEvent":"*"}
[2020-07-15 22:06:39.420] [exthost] [info] ExtensionService#loadCommonJSModule file:///snap/code/37/usr/share/code/resources/app/extensions/debug-auto-launch/dist/extension
[2020-07-15 22:06:39.455] [exthost] [info] ExtensionService#_doActivateExtension vscode.emmet {"startup":true,"extensionId":{"value":"vscode.emmet","_lower":"vscode.emmet"},"activationEvent":"*"}
[2020-07-15 22:06:39.455] [exthost] [info] ExtensionService#loadCommonJSModule file:///snap/code/37/usr/share/code/resources/app/extensions/emmet/dist/extension
[2020-07-15 22:06:39.535] [exthost] [info] ExtensionService#_doActivateExtension vscode.git {"startup":true,"extensionId":{"value":"vscode.github","_lower":"vscode.github"},"activationEvent":"*"}
[2020-07-15 22:06:39.536] [exthost] [info] ExtensionService#loadCommonJSModule file:///snap/code/37/usr/share/code/resources/app/extensions/git/dist/main
[2020-07-15 22:06:39.676] [exthost] [info] ExtensionService#_doActivateExtension vscode.github-authentication {"startup":true,"extensionId":{"value":"vscode.github-authentication","_lower":"vscode.github-authentication"},"activationEvent":"*"}
[2020-07-15 22:06:39.676] [exthost] [info] ExtensionService#loadCommonJSModule file:///snap/code/37/usr/share/code/resources/app/extensions/github-authentication/dist/extension.js
[2020-07-15 22:06:39.701] [exthost] [info] ExtensionService#_doActivateExtension vscode.merge-conflict {"startup":true,"extensionId":{"value":"vscode.merge-conflict","_lower":"vscode.merge-conflict"},"activationEvent":"*"}
[2020-07-15 22:06:39.701] [exthost] [info] ExtensionService#loadCommonJSModule file:///snap/code/37/usr/share/code/resources/app/extensions/merge-conflict/dist/mergeConflictMain
[2020-07-15 22:06:39.742] [exthost] [info] ExtensionService#_doActivateExtension vscode.microsoft-authentication {"startup":true,"extensionId":{"value":"vscode.microsoft-authentication","_lower":"vscode.microsoft-authentication"},"activationEvent":"*"}
[2020-07-15 22:06:39.742] [exthost] [info] ExtensionService#loadCommonJSModule file:///snap/code/37/usr/share/code/resources/app/extensions/microsoft-authentication/dist/extension.js
[2020-07-15 22:06:39.838] [exthost] [info] ExtensionService#_doActivateExtension vscode.search-result {"startup":true,"extensionId":{"value":"vscode.search-result","_lower":"vscode.search-result"},"activationEvent":"*"}
[2020-07-15 22:06:39.839] [exthost] [info] ExtensionService#loadCommonJSModule file:///snap/code/37/usr/share/code/resources/app/extensions/search-result/dist/extension.js
[2020-07-15 22:06:39.873] [exthost] [info] ExtensionService#_doActivateExtension esbenp.prettier-vscode {"startup":true,"extensionId":{"value":"esbenp.prettier-vscode","_lower":"esbenp.prettier-vscode"},"activationEvent":"*"}
[2020-07-15 22:06:39.873] [exthost] [info] ExtensionService#loadCommonJSModule file:///root/.vscode/extensions/esbenp.prettier-vscode-5.1.3/dist/extension
[2020-07-15 22:06:41.523] [exthost] [info] ExtensionService#_doActivateExtension vscode.github {"startup":true,"extensionId":{"value":"vscode.github","_lower":"vscode.github"},"activationEvent":"*"}
[2020-07-15 22:06:41.523] [exthost] [info] ExtensionService#loadCommonJSModule file:///snap/code/37/usr/share/code/resources/app/extensions/github/dist/extension.js
[2020-07-15 22:06:41.549] [exthost] [info] eager extensions activated
[2020-07-15 22:07:16.252] [exthost] [info] extension host started
[2020-07-15 22:07:16.292] [exthost] [info] ExtensionService#_doActivateExtension vscode.debug-auto-launch {"startup":true,"extensionId":{"value":"vscode.debug-auto-launch","_lower":"vscode.debug-auto-launch"},"activationEvent":"*"}
[2020-07-15 22:07:16.292] [exthost] [info] ExtensionService#loadCommonJSModule file:///snap/code/37/usr/share/code/resources/app/extensions/debug-auto-launch/dist/extension
[2020-07-15 22:07:16.297] [exthost] [info] ExtensionService#_doActivateExtension vscode.emmet {"startup":true,"extensionId":{"value":"vscode.emmet","_lower":"vscode.emmet"},"activationEvent":"*"}
[2020-07-15 22:07:16.297] [exthost] [info] ExtensionService#loadCommonJSModule file:///snap/code/37/usr/share/code/resources/app/extensions/emmet/dist/extension
[2020-07-15 22:07:16.312] [exthost] [info] ExtensionService#_doActivateExtension vscode.git {"startup":true,"extensionId":{"value":"vscode.github","_lower":"vscode.github"},"activationEvent":"*"}
[2020-07-15 22:07:16.312] [exthost] [info] ExtensionService#loadCommonJSModule file:///snap/code/37/usr/share/code/resources/app/extensions/git/dist/main
[2020-07-15 22:07:16.335] [exthost] [info] ExtensionService#_doActivateExtension vscode.github-authentication {"startup":true,"extensionId":{"value":"vscode.github-authentication","_lower":"vscode.github-authentication"},"activationEvent":"*"}
[2020-07-15 22:07:16.335] [exthost] [info] ExtensionService#loadCommonJSModule file:///snap/code/37/usr/share/code/resources/app/extensions/github-authentication/dist/extension.js
[2020-07-15 22:07:16.342] [exthost] [info] ExtensionService#_doActivateExtension vscode.merge-conflict {"startup":true,"extensionId":{"value":"vscode.merge-conflict","_lower":"vscode.merge-conflict"},"activationEvent":"*"}
[2020-07-15 22:07:16.343] [exthost] [info] ExtensionService#loadCommonJSModule file:///snap/code/37/usr/share/code/resources/app/extensions/merge-conflict/dist/mergeConflictMain
[2020-07-15 22:07:16.344] [exthost] [info] ExtensionService#_doActivateExtension vscode.microsoft-authentication {"startup":true,"extensionId":{"value":"vscode.microsoft-authentication","_lower":"vscode.microsoft-authentication"},"activationEvent":"*"}
[2020-07-15 22:07:16.345] [exthost] [info] ExtensionService#loadCommonJSModule file:///snap/code/37/usr/share/code/resources/app/extensions/microsoft-authentication/dist/extension.js
[2020-07-15 22:07:16.348] [exthost] [info] ExtensionService#_doActivateExtension vscode.search-result {"startup":true,"extensionId":{"value":"vscode.search-result","_lower":"vscode.search-result"},"activationEvent":"*"}
[2020-07-15 22:07:16.348] [exthost] [info] ExtensionService#loadCommonJSModule file:///snap/code/37/usr/share/code/resources/app/extensions/search-result/dist/extension.js
[2020-07-15 22:07:16.350] [exthost] [info] ExtensionService#_doActivateExtension esbenp.prettier-vscode {"startup":true,"extensionId":{"value":"esbenp.prettier-vscode","_lower":"esbenp.prettier-vscode"},"activationEvent":"*"}
[2020-07-15 22:07:16.350] [exthost] [info] ExtensionService#loadCommonJSModule file:///root/.vscode/extensions/esbenp.prettier-vscode-5.1.3/dist/extension
[2020-07-15 22:07:16.501] [exthost] [info] ExtensionService#_doActivateExtension vscode.github {"startup":true,"extensionId":{"value":"vscode.github","_lower":"vscode.github"},"activationEvent":"*"}
[2020-07-15 22:07:16.501] [exthost] [info] ExtensionService#loadCommonJSModule file:///snap/code/37/usr/share/code/resources/app/extensions/github/dist/extension.js
[2020-07-15 22:07:16.926] [exthost] [info] ExtensionService#_doActivateExtension felixfbecker.php-intellisense {"startup":true,"extensionId":{"value":"felixfbecker.php-intellisense","_lower":"felixfbecker.php-intellisense"},"activationEvent":"workspaceContains:**/*.php"}
[2020-07-15 22:07:16.926] [exthost] [info] ExtensionService#loadCommonJSModule file:///root/.vscode/extensions/felixfbecker.php-intellisense-2.3.14/out/extension
[2020-07-15 22:07:19.658] [exthost] [info] ExtensionService#_doActivateExtension vscode.php-language-features {"startup":false,"extensionId":{"value":"vscode.php-language-features","_lower":"vscode.php-language-features"},"activationEvent":"onLanguage:php"}
[2020-07-15 22:07:19.658] [exthost] [info] ExtensionService#loadCommonJSModule file:///snap/code/37/usr/share/code/resources/app/extensions/php-language-features/dist/phpMain
[2020-07-15 22:07:19.738] [exthost] [info] ExtensionService#_doActivateExtension bmewburn.vscode-intelephense-client {"startup":false,"extensionId":{"value":"bmewburn.vscode-intelephense-client","_lower":"bmewburn.vscode-intelephense-client"},"activationEvent":"onLanguage:php"}
[2020-07-15 22:07:19.738] [exthost] [info] ExtensionService#loadCommonJSModule file:///root/.vscode/extensions/bmewburn.vscode-intelephense-client-1.5.2/lib/extension
[2020-07-15 22:07:19.807] [exthost] [info] ExtensionService#_doActivateExtension ecmel.vscode-html-css {"startup":false,"extensionId":{"value":"ecmel.vscode-html-css","_lower":"ecmel.vscode-html-css"},"activationEvent":"onLanguage:php"}
[2020-07-15 22:07:19.807] [exthost] [info] ExtensionService#loadCommonJSModule file:///root/.vscode/extensions/ecmel.vscode-html-css-0.2.3/dist/extension
[2020-07-15 22:07:22.404] [exthost] [info] eager extensions activated
