ApplicationInsights:CorrelationIdManager [
  Error: getaddrinfo EAI_AGAIN dc.services.visualstudio.com
      at GetAddrInfoReqWrap.onlookup [as oncomplete] (dns.js:60:26) {
    errno: 'EAI_AGAIN',
    code: 'EAI_AGAIN',
    syscall: 'getaddrinfo',
    hostname: 'dc.services.visualstudio.com'
  }
]
[Info  - 10:07:20 PM] Initialising intelephense 1.5.2
[Info  - 10:07:20 PM] Initialised in 9 ms
[Info  - 10:07:20 PM] Indexing started.
[Info  - 10:07:26 PM] Indexing ended. 109 files indexed in 5s.
[Info  - 10:07:26 PM] Writing state to /var/www/web/New project 2/~/.vscode-root/User/workspaceStorage/e0aaaf8549d1f4041f34fcbb25dcbee5/bmewburn.vscode-intelephense-client/5706385f.
[Info  - 10:07:26 PM] Wrote state in 0.2s.
[Info  - 2:57:25 AM] Indexing started.
[Info  - 2:57:25 AM] Indexing ended. 1 files indexed in 0s.
[Info  - 2:59:17 AM] Indexing started.
[Info  - 2:59:17 AM] Indexing ended. 1 files indexed in 0s.
[Info  - 3:00:56 AM] Indexing started.
[Info  - 3:00:56 AM] Indexing ended. 1 files indexed in 0s.
[Info  - 3:01:25 AM] Indexing started.
[Info  - 3:01:25 AM] Indexing ended. 1 files indexed in 0s.
[Info  - 3:02:12 AM] Indexing started.
[Info  - 3:02:12 AM] Indexing ended. 1 files indexed in 0s.
[Info  - 4:46:07 AM] Indexing started.
[Info  - 4:46:08 AM] Indexing ended. 1 files indexed in 0s.
